2025-03-12 12:44:47 [background-preinit] INFO  o.h.validator.internal.util.Version - HV000001: Hibernate Validator 8.0.2.Final
2025-03-12 12:44:47 [main] INFO  c.t.r.TrainingCenterRegistryApplication - Starting TrainingCenterRegistryApplication using Java 17.0.13 with PID 18104 (C:\Users\Dheeraj Kumar\Desktop\training-center-registry\target\classes started by Dheeraj Kumar in C:\Users\Dheeraj Kumar\Desktop\training-center-registry)
2025-03-12 12:44:47 [main] DEBUG c.t.r.TrainingCenterRegistryApplication - Running with Spring Boot v3.4.3, Spring v6.2.3
2025-03-12 12:44:47 [main] INFO  c.t.r.TrainingCenterRegistryApplication - No active profile set, falling back to 1 default profile: "default"
2025-03-12 12:44:48 [main] INFO  o.s.d.r.c.RepositoryConfigurationDelegate - Bootstrapping Spring Data JPA repositories in DEFAULT mode.
2025-03-12 12:44:48 [main] INFO  o.s.d.r.c.RepositoryConfigurationDelegate - Finished Spring Data repository scanning in 65 ms. Found 1 JPA repository interface.
2025-03-12 12:44:49 [main] INFO  o.s.b.w.e.tomcat.TomcatWebServer - Tomcat initialized with port 8787 (http)
2025-03-12 12:44:49 [main] INFO  o.a.coyote.http11.Http11NioProtocol - Initializing ProtocolHandler ["http-nio-8787"]
2025-03-12 12:44:49 [main] INFO  o.a.catalina.core.StandardService - Starting service [Tomcat]
2025-03-12 12:44:49 [main] INFO  o.a.catalina.core.StandardEngine - Starting Servlet engine: [Apache Tomcat/10.1.36]
2025-03-12 12:44:49 [main] INFO  o.a.c.c.C.[Tomcat].[localhost].[/] - Initializing Spring embedded WebApplicationContext
2025-03-12 12:44:49 [main] INFO  o.s.b.w.s.c.ServletWebServerApplicationContext - Root WebApplicationContext: initialization completed in 1909 ms
2025-03-12 12:44:50 [main] INFO  o.h.jpa.internal.util.LogHelper - HHH000204: Processing PersistenceUnitInfo [name: default]
2025-03-12 12:44:50 [main] INFO  org.hibernate.Version - HHH000412: Hibernate ORM core version 6.6.8.Final
2025-03-12 12:44:50 [main] INFO  o.h.c.i.RegionFactoryInitiator - HHH000026: Second-level cache disabled
2025-03-12 12:44:50 [main] INFO  o.s.o.j.p.SpringPersistenceUnitInfo - No LoadTimeWeaver setup: ignoring JPA class transformer
2025-03-12 12:44:50 [main] INFO  com.zaxxer.hikari.HikariDataSource - HikariPool-1 - Starting...
2025-03-12 12:44:51 [main] INFO  com.zaxxer.hikari.pool.HikariPool - HikariPool-1 - Added connection com.mysql.cj.jdbc.ConnectionImpl@3a70575
2025-03-12 12:44:51 [main] INFO  com.zaxxer.hikari.HikariDataSource - HikariPool-1 - Start completed.
2025-03-12 12:44:51 [main] INFO  o.hibernate.orm.connections.pooling - HHH10001005: Database info:
	Database JDBC URL [Connecting through datasource 'HikariDataSource (HikariPool-1)']
	Database driver: undefined/unknown
	Database version: 8.0.31
	Autocommit mode: undefined/unknown
	Isolation level: undefined/unknown
	Minimum pool size: undefined/unknown
	Maximum pool size: undefined/unknown
2025-03-12 12:44:52 [main] INFO  o.h.e.t.j.p.i.JtaPlatformInitiator - HHH000489: No JTA platform available (set 'hibernate.transaction.jta.platform' to enable JTA platform integration)
2025-03-12 12:44:52 [main] INFO  o.s.o.j.LocalContainerEntityManagerFactoryBean - Initialized JPA EntityManagerFactory for persistence unit 'default'
2025-03-12 12:44:52 [main] WARN  o.s.b.a.o.j.JpaBaseConfiguration$JpaWebConfiguration - spring.jpa.open-in-view is enabled by default. Therefore, database queries may be performed during view rendering. Explicitly configure spring.jpa.open-in-view to disable this warning
2025-03-12 12:44:53 [main] INFO  o.a.coyote.http11.Http11NioProtocol - Starting ProtocolHandler ["http-nio-8787"]
2025-03-12 12:44:53 [main] INFO  o.s.b.w.e.tomcat.TomcatWebServer - Tomcat started on port 8787 (http) with context path '/'
2025-03-12 12:44:53 [main] INFO  c.t.r.TrainingCenterRegistryApplication - Started TrainingCenterRegistryApplication in 6.078 seconds (process running for 6.428)
2025-03-12 12:45:04 [http-nio-8787-exec-1] INFO  o.a.c.c.C.[Tomcat].[localhost].[/] - Initializing Spring DispatcherServlet 'dispatcherServlet'
2025-03-12 12:45:04 [http-nio-8787-exec-1] INFO  o.s.web.servlet.DispatcherServlet - Initializing Servlet 'dispatcherServlet'
2025-03-12 12:45:04 [http-nio-8787-exec-1] INFO  o.s.web.servlet.DispatcherServlet - Completed initialization in 2 ms
2025-03-12 12:45:04 [http-nio-8787-exec-1] INFO  c.t.r.l.RequestResponseLoggingFilter - 
--------------------- REQUEST ---------------------
🟢 Incoming Request: GET /api/getAll-training-centers
📥 Headers:
   ➝ user-agent = PostmanRuntime/7.43.0
   ➝ accept = */*
   ➝ cache-control = no-cache
   ➝ postman-token = 6c55a38b-4a5b-42bb-8749-6014f6fda430
   ➝ host = localhost:8787
   ➝ accept-encoding = gzip, deflate, br
   ➝ connection = keep-alive
📌 Body: [EMPTY]

2025-03-12 12:45:04 [http-nio-8787-exec-1] INFO  c.t.r.controller.TrainingController - Fetching all training centers...
2025-03-12 12:45:04 [http-nio-8787-exec-1] INFO  c.t.r.controller.TrainingController - Fetched 9 training centers
2025-03-12 12:45:04 [http-nio-8787-exec-1] INFO  c.t.r.l.RequestResponseLoggingFilter - 
--------------------- RESPONSE ---------------------
🔵 Outgoing Response: Status = 200
📤 Headers:
📌 Body: [{"centerName":"Tech Training Hub","centerCode":"ABC123XYZ779","address":{"detailedAddress":"123 Main Street","city":"Delhi","state":"Delhi","pincode":"110001"},"studentCapacity":100,"coursesOffered":["Java","Spring Boot"],"createdOn":1741679477826,"contactEmail":"contact@techcenter.com","contactPhone":"9876543210"},{"centerName":"BABA JI Institute","centerCode":"ABC123XY8547","address":{"detailedAddress":"123 Main Street","city":"Delhi","state":"Delhi","pincode":"110001"},"studentCapacity":100,"coursesOffered":["Java","Spring Boot"],"createdOn":1741684607975,"contactEmail":"contact@techcenter.com","contactPhone":"9876543210"},{"centerName":"BABA JI Institute","centerCode":"ABC123XY8587","address":{"detailedAddress":"123 Main Street","city":"Delhi","state":"Delhi","pincode":"110001"},"studentCapacity":100,"coursesOffered":["Java","Spring Boot"],"createdOn":1741684849499,"contactEmail":"contact@techcenter.com","contactPhone":"9876543210"},{"centerName":"BABA JI Institute","centerCode":"ABC123XY8387","address":{"detailedAddress":"123 Main Street","city":"Delhi","state":"Delhi","pincode":"110001"},"studentCapacity":100,"coursesOffered":["Java","Spring Boot"],"createdOn":1741688735745,"contactEmail":"contact@techcenter.com","contactPhone":"9876543210"},{"centerName":"ALI Institute","centerCode":"ABC123XY3247","address":{"detailedAddress":"123 Main Street","city":"Delhi","state":"Delhi","pincode":"110001"},"studentCapacity":100,"coursesOffered":["Java","Spring Boot"],"createdOn":1741761516066,"contactEmail":"contact@techcenter.com","contactPhone":"9876543210"},{"centerName":"ALIKAD Institute","centerCode":"ABC123XY1447","address":{"detailedAddress":"123 Main Street","city":"Delhi","state":"Delhi","pincode":"110001"},"studentCapacity":100,"coursesOffered":["Java","Spring Boot"],"createdOn":1741761989342,"contactEmail":"contact@techcenter.com","contactPhone":"9876543210"},{"centerName":"ALIKAdsadD Institute","centerCode":"ABC123XY2447","address":{"detailedAddress":"123 Main Street","city":"Delhi","state":"Delhi","pincode":"110001"},"studentCapacity":100,"coursesOffered":["Java","Spring Boot"],"createdOn":1741762105879,"contactEmail":"contact@techcenter.com","contactPhone":"9876543210"},{"centerName":"Dharam Singh Coaching Institute","centerCode":"ABC123XY3878","address":{"detailedAddress":"123 Main Street","city":"Delhi","state":"Delhi","pincode":"110043"},"studentCapacity":100,"coursesOffered":["Java","Spring Boot","MySQL"],"createdOn":1741763207139,"contactEmail":"contact@techcenter.com","contactPhone":"9876543210"},{"centerName":"Dharam  Coaching Institute","centerCode":"ABC123XY2478","address":{"detailedAddress":"123 Main Street","city":"Delhi","state":"Delhi","pincode":"110043"},"studentCapacity":100,"coursesOffered":["Java","Spring Boot","MySQL"],"createdOn":1741763519242,"contactEmail":"contact@techcenter.com","contactPhone":"9876543210"}]

2025-03-12 12:45:45 [http-nio-8787-exec-3] INFO  c.t.r.l.RequestResponseLoggingFilter - 
--------------------- REQUEST ---------------------
🟢 Incoming Request: POST /api/training-centers
📥 Headers:
   ➝ content-type = application/json
   ➝ user-agent = PostmanRuntime/7.43.0
   ➝ accept = */*
   ➝ cache-control = no-cache
   ➝ postman-token = d44c9976-17d7-499e-b293-112230107b66
   ➝ host = localhost:8787
   ➝ accept-encoding = gzip, deflate, br
   ➝ connection = keep-alive
   ➝ content-length = 466
📌 Body: [EMPTY]

2025-03-12 12:45:45 [http-nio-8787-exec-3] INFO  c.t.r.service.TrainingCenterService - Received request to create training center: centerName=Coaching Institute, centerCode=ABC123XY9878
2025-03-12 12:45:45 [http-nio-8787-exec-3] INFO  c.t.r.controller.TrainingController - ✅ Successfully created training center: centerCode=ABC123XY9878, studentCapacity=100
2025-03-12 12:45:45 [http-nio-8787-exec-3] INFO  c.t.r.l.RequestResponseLoggingFilter - 
--------------------- RESPONSE ---------------------
🔵 Outgoing Response: Status = 200
📤 Headers:
📌 Body: {"centerName":"Coaching Institute","centerCode":"ABC123XY9878","address":{"detailedAddress":"123 Main Street","city":"Delhi","state":"Delhi","pincode":"110043"},"studentCapacity":100,"coursesOffered":["Java","Spring Boot","MySQL"],"createdOn":1741763745452,"contactEmail":"contact@techcenter.com","contactPhone":"9876543210"}

